<?xml version="1.0" encoding="UTF-8"?>
<!-- Generated by org.testng.reporters.JUnitXMLReporter -->
<testsuite ignored="0" hostname="DESKTOP-OGS304U" failures="0" tests="3" name="Admin Test Cases" time="686.218" errors="0" timestamp="2021-11-01T12:42:32 IST">
  <testcase classname="sailotech.com.EzScheduler.adminTests.AdminTest" name="TCA_01_LoginNavigation" time="8.014"/>
  <testcase classname="sailotech.com.EzScheduler.adminTests.AdminTest" name="TC02_AdminLogin" time="17.159"/>
  <testcase classname="sailotech.com.EzScheduler.adminTests.AdminTest" name="TC03_VerifyDoctor" time="633.585"/>
</testsuite> <!-- Admin Test Cases -->
