<?xml version="1.0" encoding="UTF-8"?>
<!-- Generated by org.testng.reporters.JUnitXMLReporter -->
<testsuite ignored="0" hostname="DESKTOP-OGS304U" failures="0" tests="3" name="Default test" time="448.771" errors="0" timestamp="2021-10-30T12:54:52 IST">
  <testcase classname="sailotech.com.EzScheduler.adminTests.AdminTest" name="TCA_01_LoginNavigation" time="2.567"/>
  <testcase classname="sailotech.com.EzScheduler.adminTests.AdminTest" name="TC02_AdminLogin" time="12.885"/>
  <testcase classname="sailotech.com.EzScheduler.adminTests.AdminTest" name="TC03_VerifyDoctor" time="407.25"/>
</testsuite> <!-- Default test -->
