<?xml version="1.0" encoding="UTF-8"?>
<!-- Generated by org.testng.reporters.JUnitXMLReporter -->
<testsuite ignored="0" hostname="DESKTOP-OGS304U" failures="0" tests="8" name="Doctor Test Cases" time="180.743" errors="0" timestamp="28 Oct 2020 10:28:35 GMT">
  <testcase classname="sailotech.com.EzScheduler.providerTests.SlotGenerationTest" name="TC01_Naviagtion_to_Login" time="6.517"/>
  <testcase classname="sailotech.com.EzScheduler.providerTests.SlotGenerationTest" name="TC02_DoctorLogin" time="21.43"/>
  <testcase classname="sailotech.com.EzScheduler.providerTests.SlotGenerationTest" name="TC03_Navigation_to_the_GenerateSLots_Page" time="10.073"/>
  <testcase classname="sailotech.com.EzScheduler.providerTests.SlotGenerationTest" name="TC04_Generate_slots_on_GenerateSlots_Page" time="54.949"/>
  <testcase classname="sailotech.com.EzScheduler.providerTests.SlotGenerationTest" name="TC05_Check_the_slots_generated" time="15.271"/>
  <testcase classname="sailotech.com.EzScheduler.providerTests.DoctorCancellation" name="TC01_Naviagtion_to_Login" time="4.761"/>
  <testcase classname="sailotech.com.EzScheduler.providerTests.DoctorCancellation" name="TC02_DoctorLogin" time="14.752"/>
  <testcase classname="sailotech.com.EzScheduler.providerTests.DoctorCancellation" name="TC03_DoctorCancelsOpenSlots" time="15.972"/>
</testsuite> <!-- Doctor Test Cases -->
